0 info it worked if it ends with ok
1 verbose cli [ '/usr/local/bin/node',
1 verbose cli   '/usr/local/bin/npm',
1 verbose cli   'install',
1 verbose cli   'express',
1 verbose cli   '-g' ]
2 info using npm@3.10.9
3 info using node@v6.9.2
4 silly loadCurrentTree Starting
5 silly install loadCurrentTree
6 silly install readGlobalPackageData
7 silly fetchPackageMetaData express
8 silly fetchOtherPackageData express
9 silly cache add args [ 'express', null ]
10 verbose cache add spec express
11 silly cache add parsed spec Result {
11 silly cache add   raw: 'express',
11 silly cache add   scope: null,
11 silly cache add   escapedName: 'express',
11 silly cache add   name: null,
11 silly cache add   rawSpec: 'express',
11 silly cache add   spec: '/Users/mustang/Documents/CronJ/Node-topgit/express',
11 silly cache add   type: 'local' }
12 silly addLocalTarball shasum (computed) 172d6ebfb2f0a93fba5b2b6328eb2b058533ece3
13 verbose addTmpTarball /Users/mustang/Documents/CronJ/Node-topgit/express not in flight; adding
14 verbose correctMkdir /Users/mustang/.npm correctMkdir not in flight; initializing
15 verbose addTmpTarball validating metadata from /Users/mustang/Documents/CronJ/Node-topgit/express
16 verbose tar unpack /Users/mustang/Documents/CronJ/Node-topgit/express
17 verbose tar unpacking to /tmp/npm-10718-a091b265/unpack-39f891a4
18 silly gentlyRm /tmp/npm-10718-a091b265/unpack-39f891a4 is being purged
19 verbose gentlyRm don't care about contents; nuking /tmp/npm-10718-a091b265/unpack-39f891a4
20 silly gunzTarPerm modes [ '755', '644' ]
21 error not a package /Users/mustang/Documents/CronJ/Node-topgit/express
22 error addLocal Could not install /Users/mustang/Documents/CronJ/Node-topgit/express
23 silly fetchPackageMetaData Error: ENOENT: no such file or directory, open '/tmp/npm-10718-a091b265/unpack-39f891a4/package.json'
23 silly fetchPackageMetaData     at Error (native)
23 silly fetchPackageMetaData  error for express { Error: ENOENT: no such file or directory, open '/tmp/npm-10718-a091b265/unpack-39f891a4/package.json'
23 silly fetchPackageMetaData     at Error (native)
23 silly fetchPackageMetaData   errno: -2,
23 silly fetchPackageMetaData   code: 'ENOENT',
23 silly fetchPackageMetaData   syscall: 'open',
23 silly fetchPackageMetaData   path: '/tmp/npm-10718-a091b265/unpack-39f891a4/package.json' }
24 silly rollbackFailedOptional Starting
25 silly rollbackFailedOptional Finishing
26 silly runTopLevelLifecycles Finishing
27 silly install printInstalled
28 verbose stack Error: ENOENT: no such file or directory, open '/tmp/npm-10718-a091b265/unpack-39f891a4/package.json'
28 verbose stack     at Error (native)
29 verbose cwd /Users/mustang/Documents/CronJ/Node-topgit
30 error Darwin 16.4.0
31 error argv "/usr/local/bin/node" "/usr/local/bin/npm" "install" "express" "-g"
32 error node v6.9.2
33 error npm  v3.10.9
34 error path /tmp/npm-10718-a091b265/unpack-39f891a4/package.json
35 error code ENOENT
36 error errno -2
37 error syscall open
38 error enoent ENOENT: no such file or directory, open '/tmp/npm-10718-a091b265/unpack-39f891a4/package.json'
39 error enoent ENOENT: no such file or directory, open '/tmp/npm-10718-a091b265/unpack-39f891a4/package.json'
39 error enoent This is most likely not a problem with npm itself
39 error enoent and is related to npm not being able to find a file.
40 verbose exit [ -2, true ]
